<?xml version="1.0" encoding="UTF-8"?>
<testsuite xmlns:xsi="http://www.w3.org/2001/XMLSchema-instance" xsi:noNamespaceSchemaLocation="https://maven.apache.org/surefire/maven-surefire-plugin/xsd/surefire-test-report.xsd" name="TestSuite" time="0.311" tests="1" errors="0" skipped="0" failures="0">
  <properties>
    <property name="java.specification.version" value="14"/>
    <property name="sun.jnu.encoding" value="UTF-8"/>
    <property name="java.class.path" value="/Users/ajitalamsal/AutomationJava/target/test-classes:/Users/ajitalamsal/AutomationJava/target/classes:/Users/ajitalamsal/.m2/repository/junit/junit/4.11/junit-4.11.jar:/Users/ajitalamsal/.m2/repository/org/hamcrest/hamcrest-core/1.3/hamcrest-core-1.3.jar:/Users/ajitalamsal/.m2/repository/io/github/bonigarcia/webdrivermanager/3.2.0/webdrivermanager-3.2.0.jar:/Users/ajitalamsal/.m2/repository/org/slf4j/slf4j-api/1.7.25/slf4j-api-1.7.25.jar:/Users/ajitalamsal/.m2/repository/commons-io/commons-io/2.6/commons-io-2.6.jar:/Users/ajitalamsal/.m2/repository/com/google/code/gson/gson/2.8.5/gson-2.8.5.jar:/Users/ajitalamsal/.m2/repository/org/apache/commons/commons-lang3/3.8.1/commons-lang3-3.8.1.jar:/Users/ajitalamsal/.m2/repository/org/apache/httpcomponents/httpclient/4.5.6/httpclient-4.5.6.jar:/Users/ajitalamsal/.m2/repository/org/apache/httpcomponents/httpcore/4.4.10/httpcore-4.4.10.jar:/Users/ajitalamsal/.m2/repository/commons-logging/commons-logging/1.2/commons-logging-1.2.jar:/Users/ajitalamsal/.m2/repository/commons-codec/commons-codec/1.10/commons-codec-1.10.jar:/Users/ajitalamsal/.m2/repository/org/rauschig/jarchivelib/1.0.0/jarchivelib-1.0.0.jar:/Users/ajitalamsal/.m2/repository/org/apache/commons/commons-compress/1.18/commons-compress-1.18.jar:/Users/ajitalamsal/.m2/repository/org/jsoup/jsoup/1.11.3/jsoup-1.11.3.jar:/Users/ajitalamsal/.m2/repository/org/seleniumhq/selenium/selenium-java/3.141.59/selenium-java-3.141.59.jar:/Users/ajitalamsal/.m2/repository/org/seleniumhq/selenium/selenium-api/3.141.59/selenium-api-3.141.59.jar:/Users/ajitalamsal/.m2/repository/org/seleniumhq/selenium/selenium-chrome-driver/3.141.59/selenium-chrome-driver-3.141.59.jar:/Users/ajitalamsal/.m2/repository/org/seleniumhq/selenium/selenium-edge-driver/3.141.59/selenium-edge-driver-3.141.59.jar:/Users/ajitalamsal/.m2/repository/org/seleniumhq/selenium/selenium-firefox-driver/3.141.59/selenium-firefox-driver-3.141.59.jar:/Users/ajitalamsal/.m2/repository/org/seleniumhq/selenium/selenium-ie-driver/3.141.59/selenium-ie-driver-3.141.59.jar:/Users/ajitalamsal/.m2/repository/org/seleniumhq/selenium/selenium-opera-driver/3.141.59/selenium-opera-driver-3.141.59.jar:/Users/ajitalamsal/.m2/repository/org/seleniumhq/selenium/selenium-remote-driver/3.141.59/selenium-remote-driver-3.141.59.jar:/Users/ajitalamsal/.m2/repository/org/seleniumhq/selenium/selenium-safari-driver/3.141.59/selenium-safari-driver-3.141.59.jar:/Users/ajitalamsal/.m2/repository/org/seleniumhq/selenium/selenium-support/3.141.59/selenium-support-3.141.59.jar:/Users/ajitalamsal/.m2/repository/net/bytebuddy/byte-buddy/1.8.15/byte-buddy-1.8.15.jar:/Users/ajitalamsal/.m2/repository/org/apache/commons/commons-exec/1.3/commons-exec-1.3.jar:/Users/ajitalamsal/.m2/repository/com/google/guava/guava/25.0-jre/guava-25.0-jre.jar:/Users/ajitalamsal/.m2/repository/com/google/code/findbugs/jsr305/1.3.9/jsr305-1.3.9.jar:/Users/ajitalamsal/.m2/repository/org/checkerframework/checker-compat-qual/2.0.0/checker-compat-qual-2.0.0.jar:/Users/ajitalamsal/.m2/repository/com/google/errorprone/error_prone_annotations/2.1.3/error_prone_annotations-2.1.3.jar:/Users/ajitalamsal/.m2/repository/com/google/j2objc/j2objc-annotations/1.1/j2objc-annotations-1.1.jar:/Users/ajitalamsal/.m2/repository/org/codehaus/mojo/animal-sniffer-annotations/1.14/animal-sniffer-annotations-1.14.jar:/Users/ajitalamsal/.m2/repository/com/squareup/okhttp3/okhttp/3.11.0/okhttp-3.11.0.jar:/Users/ajitalamsal/.m2/repository/com/squareup/okio/okio/1.14.0/okio-1.14.0.jar:/Users/ajitalamsal/.m2/repository/org/testng/testng/7.1.0/testng-7.1.0.jar:/Users/ajitalamsal/.m2/repository/com/beust/jcommander/1.72/jcommander-1.72.jar:/Users/ajitalamsal/.m2/repository/com/google/inject/guice/4.1.0/guice-4.1.0-no_aop.jar:/Users/ajitalamsal/.m2/repository/javax/inject/javax.inject/1/javax.inject-1.jar:/Users/ajitalamsal/.m2/repository/aopalliance/aopalliance/1.0/aopalliance-1.0.jar:/Users/ajitalamsal/.m2/repository/org/yaml/snakeyaml/1.21/snakeyaml-1.21.jar:/Users/ajitalamsal/.m2/repository/info/cukes/cucumber-java/1.2.5/cucumber-java-1.2.5.jar:/Users/ajitalamsal/.m2/repository/info/cukes/cucumber-core/1.2.5/cucumber-core-1.2.5.jar:/Users/ajitalamsal/.m2/repository/info/cukes/cucumber-html/0.2.3/cucumber-html-0.2.3.jar:/Users/ajitalamsal/.m2/repository/info/cukes/cucumber-jvm-deps/1.0.5/cucumber-jvm-deps-1.0.5.jar:/Users/ajitalamsal/.m2/repository/info/cukes/gherkin/2.12.2/gherkin-2.12.2.jar:/Users/ajitalamsal/.m2/repository/info/cukes/cucumber-junit/1.2.5/cucumber-junit-1.2.5.jar:/Users/ajitalamsal/.m2/repository/io/rest-assured/rest-assured/4.3.1/rest-assured-4.3.1.jar:/Users/ajitalamsal/.m2/repository/org/codehaus/groovy/groovy/3.0.3/groovy-3.0.3.jar:/Users/ajitalamsal/.m2/repository/org/codehaus/groovy/groovy-xml/3.0.3/groovy-xml-3.0.3.jar:/Users/ajitalamsal/.m2/repository/org/apache/httpcomponents/httpmime/4.5.3/httpmime-4.5.3.jar:/Users/ajitalamsal/.m2/repository/org/hamcrest/hamcrest/2.1/hamcrest-2.1.jar:/Users/ajitalamsal/.m2/repository/org/ccil/cowan/tagsoup/tagsoup/1.2.1/tagsoup-1.2.1.jar:/Users/ajitalamsal/.m2/repository/io/rest-assured/json-path/4.3.1/json-path-4.3.1.jar:/Users/ajitalamsal/.m2/repository/org/codehaus/groovy/groovy-json/3.0.3/groovy-json-3.0.3.jar:/Users/ajitalamsal/.m2/repository/io/rest-assured/rest-assured-common/4.3.1/rest-assured-common-4.3.1.jar:/Users/ajitalamsal/.m2/repository/io/rest-assured/xml-path/4.3.1/xml-path-4.3.1.jar:/Users/ajitalamsal/.m2/repository/jakarta/xml/bind/jakarta.xml.bind-api/2.3.3/jakarta.xml.bind-api-2.3.3.jar:/Users/ajitalamsal/.m2/repository/jakarta/activation/jakarta.activation-api/1.2.2/jakarta.activation-api-1.2.2.jar:/Users/ajitalamsal/.m2/repository/com/sun/xml/bind/jaxb-impl/2.3.3/jaxb-impl-2.3.3.jar:"/>
    <property name="java.vm.vendor" value="Oracle Corporation"/>
    <property name="sun.arch.data.model" value="64"/>
    <property name="java.vendor.url" value="https://java.oracle.com/"/>
    <property name="os.name" value="Mac OS X"/>
    <property name="java.vm.specification.version" value="14"/>
    <property name="sun.java.launcher" value="SUN_STANDARD"/>
    <property name="user.country" value="US"/>
    <property name="sun.boot.library.path" value="/Users/ajitalamsal/Library/Java/JavaVirtualMachines/openjdk-14.0.1/Contents/Home/lib"/>
    <property name="sun.java.command" value="/Users/ajitalamsal/AutomationJava/target/surefire/surefirebooter17473374759996159845.jar /Users/ajitalamsal/AutomationJava/target/surefire 2020-09-21T21-00-25_477-jvmRun1 surefire5383111125283637998tmp surefire_0699787785045590505tmp"/>
    <property name="http.nonProxyHosts" value="local|*.local|169.254/16|*.169.254/16"/>
    <property name="jdk.debug" value="release"/>
    <property name="surefire.test.class.path" value="/Users/ajitalamsal/AutomationJava/target/test-classes:/Users/ajitalamsal/AutomationJava/target/classes:/Users/ajitalamsal/.m2/repository/junit/junit/4.11/junit-4.11.jar:/Users/ajitalamsal/.m2/repository/org/hamcrest/hamcrest-core/1.3/hamcrest-core-1.3.jar:/Users/ajitalamsal/.m2/repository/io/github/bonigarcia/webdrivermanager/3.2.0/webdrivermanager-3.2.0.jar:/Users/ajitalamsal/.m2/repository/org/slf4j/slf4j-api/1.7.25/slf4j-api-1.7.25.jar:/Users/ajitalamsal/.m2/repository/commons-io/commons-io/2.6/commons-io-2.6.jar:/Users/ajitalamsal/.m2/repository/com/google/code/gson/gson/2.8.5/gson-2.8.5.jar:/Users/ajitalamsal/.m2/repository/org/apache/commons/commons-lang3/3.8.1/commons-lang3-3.8.1.jar:/Users/ajitalamsal/.m2/repository/org/apache/httpcomponents/httpclient/4.5.6/httpclient-4.5.6.jar:/Users/ajitalamsal/.m2/repository/org/apache/httpcomponents/httpcore/4.4.10/httpcore-4.4.10.jar:/Users/ajitalamsal/.m2/repository/commons-logging/commons-logging/1.2/commons-logging-1.2.jar:/Users/ajitalamsal/.m2/repository/commons-codec/commons-codec/1.10/commons-codec-1.10.jar:/Users/ajitalamsal/.m2/repository/org/rauschig/jarchivelib/1.0.0/jarchivelib-1.0.0.jar:/Users/ajitalamsal/.m2/repository/org/apache/commons/commons-compress/1.18/commons-compress-1.18.jar:/Users/ajitalamsal/.m2/repository/org/jsoup/jsoup/1.11.3/jsoup-1.11.3.jar:/Users/ajitalamsal/.m2/repository/org/seleniumhq/selenium/selenium-java/3.141.59/selenium-java-3.141.59.jar:/Users/ajitalamsal/.m2/repository/org/seleniumhq/selenium/selenium-api/3.141.59/selenium-api-3.141.59.jar:/Users/ajitalamsal/.m2/repository/org/seleniumhq/selenium/selenium-chrome-driver/3.141.59/selenium-chrome-driver-3.141.59.jar:/Users/ajitalamsal/.m2/repository/org/seleniumhq/selenium/selenium-edge-driver/3.141.59/selenium-edge-driver-3.141.59.jar:/Users/ajitalamsal/.m2/repository/org/seleniumhq/selenium/selenium-firefox-driver/3.141.59/selenium-firefox-driver-3.141.59.jar:/Users/ajitalamsal/.m2/repository/org/seleniumhq/selenium/selenium-ie-driver/3.141.59/selenium-ie-driver-3.141.59.jar:/Users/ajitalamsal/.m2/repository/org/seleniumhq/selenium/selenium-opera-driver/3.141.59/selenium-opera-driver-3.141.59.jar:/Users/ajitalamsal/.m2/repository/org/seleniumhq/selenium/selenium-remote-driver/3.141.59/selenium-remote-driver-3.141.59.jar:/Users/ajitalamsal/.m2/repository/org/seleniumhq/selenium/selenium-safari-driver/3.141.59/selenium-safari-driver-3.141.59.jar:/Users/ajitalamsal/.m2/repository/org/seleniumhq/selenium/selenium-support/3.141.59/selenium-support-3.141.59.jar:/Users/ajitalamsal/.m2/repository/net/bytebuddy/byte-buddy/1.8.15/byte-buddy-1.8.15.jar:/Users/ajitalamsal/.m2/repository/org/apache/commons/commons-exec/1.3/commons-exec-1.3.jar:/Users/ajitalamsal/.m2/repository/com/google/guava/guava/25.0-jre/guava-25.0-jre.jar:/Users/ajitalamsal/.m2/repository/com/google/code/findbugs/jsr305/1.3.9/jsr305-1.3.9.jar:/Users/ajitalamsal/.m2/repository/org/checkerframework/checker-compat-qual/2.0.0/checker-compat-qual-2.0.0.jar:/Users/ajitalamsal/.m2/repository/com/google/errorprone/error_prone_annotations/2.1.3/error_prone_annotations-2.1.3.jar:/Users/ajitalamsal/.m2/repository/com/google/j2objc/j2objc-annotations/1.1/j2objc-annotations-1.1.jar:/Users/ajitalamsal/.m2/repository/org/codehaus/mojo/animal-sniffer-annotations/1.14/animal-sniffer-annotations-1.14.jar:/Users/ajitalamsal/.m2/repository/com/squareup/okhttp3/okhttp/3.11.0/okhttp-3.11.0.jar:/Users/ajitalamsal/.m2/repository/com/squareup/okio/okio/1.14.0/okio-1.14.0.jar:/Users/ajitalamsal/.m2/repository/org/testng/testng/7.1.0/testng-7.1.0.jar:/Users/ajitalamsal/.m2/repository/com/beust/jcommander/1.72/jcommander-1.72.jar:/Users/ajitalamsal/.m2/repository/com/google/inject/guice/4.1.0/guice-4.1.0-no_aop.jar:/Users/ajitalamsal/.m2/repository/javax/inject/javax.inject/1/javax.inject-1.jar:/Users/ajitalamsal/.m2/repository/aopalliance/aopalliance/1.0/aopalliance-1.0.jar:/Users/ajitalamsal/.m2/repository/org/yaml/snakeyaml/1.21/snakeyaml-1.21.jar:/Users/ajitalamsal/.m2/repository/info/cukes/cucumber-java/1.2.5/cucumber-java-1.2.5.jar:/Users/ajitalamsal/.m2/repository/info/cukes/cucumber-core/1.2.5/cucumber-core-1.2.5.jar:/Users/ajitalamsal/.m2/repository/info/cukes/cucumber-html/0.2.3/cucumber-html-0.2.3.jar:/Users/ajitalamsal/.m2/repository/info/cukes/cucumber-jvm-deps/1.0.5/cucumber-jvm-deps-1.0.5.jar:/Users/ajitalamsal/.m2/repository/info/cukes/gherkin/2.12.2/gherkin-2.12.2.jar:/Users/ajitalamsal/.m2/repository/info/cukes/cucumber-junit/1.2.5/cucumber-junit-1.2.5.jar:/Users/ajitalamsal/.m2/repository/io/rest-assured/rest-assured/4.3.1/rest-assured-4.3.1.jar:/Users/ajitalamsal/.m2/repository/org/codehaus/groovy/groovy/3.0.3/groovy-3.0.3.jar:/Users/ajitalamsal/.m2/repository/org/codehaus/groovy/groovy-xml/3.0.3/groovy-xml-3.0.3.jar:/Users/ajitalamsal/.m2/repository/org/apache/httpcomponents/httpmime/4.5.3/httpmime-4.5.3.jar:/Users/ajitalamsal/.m2/repository/org/hamcrest/hamcrest/2.1/hamcrest-2.1.jar:/Users/ajitalamsal/.m2/repository/org/ccil/cowan/tagsoup/tagsoup/1.2.1/tagsoup-1.2.1.jar:/Users/ajitalamsal/.m2/repository/io/rest-assured/json-path/4.3.1/json-path-4.3.1.jar:/Users/ajitalamsal/.m2/repository/org/codehaus/groovy/groovy-json/3.0.3/groovy-json-3.0.3.jar:/Users/ajitalamsal/.m2/repository/io/rest-assured/rest-assured-common/4.3.1/rest-assured-common-4.3.1.jar:/Users/ajitalamsal/.m2/repository/io/rest-assured/xml-path/4.3.1/xml-path-4.3.1.jar:/Users/ajitalamsal/.m2/repository/jakarta/xml/bind/jakarta.xml.bind-api/2.3.3/jakarta.xml.bind-api-2.3.3.jar:/Users/ajitalamsal/.m2/repository/jakarta/activation/jakarta.activation-api/1.2.2/jakarta.activation-api-1.2.2.jar:/Users/ajitalamsal/.m2/repository/com/sun/xml/bind/jaxb-impl/2.3.3/jaxb-impl-2.3.3.jar:"/>
    <property name="sun.cpu.endian" value="little"/>
    <property name="user.home" value="/Users/ajitalamsal"/>
    <property name="user.language" value="en"/>
    <property name="java.specification.vendor" value="Oracle Corporation"/>
    <property name="java.version.date" value="2020-04-14"/>
    <property name="java.home" value="/Users/ajitalamsal/Library/Java/JavaVirtualMachines/openjdk-14.0.1/Contents/Home"/>
    <property name="file.separator" value="/"/>
    <property name="basedir" value="/Users/ajitalamsal/AutomationJava"/>
    <property name="java.vm.compressedOopsMode" value="Zero based"/>
    <property name="line.separator" value="&#10;"/>
    <property name="java.specification.name" value="Java Platform API Specification"/>
    <property name="java.vm.specification.vendor" value="Oracle Corporation"/>
    <property name="surefire.real.class.path" value="/Users/ajitalamsal/AutomationJava/target/surefire/surefirebooter17473374759996159845.jar"/>
    <property name="sun.management.compiler" value="HotSpot 64-Bit Tiered Compilers"/>
    <property name="ftp.nonProxyHosts" value="local|*.local|169.254/16|*.169.254/16"/>
    <property name="java.runtime.version" value="14.0.1+7"/>
    <property name="user.name" value="ajitalamsal"/>
    <property name="path.separator" value=":"/>
    <property name="os.version" value="10.15.6"/>
    <property name="java.runtime.name" value="OpenJDK Runtime Environment"/>
    <property name="file.encoding" value="UTF-8"/>
    <property name="java.vm.name" value="OpenJDK 64-Bit Server VM"/>
    <property name="localRepository" value="/Users/ajitalamsal/.m2/repository"/>
    <property name="java.vendor.url.bug" value="https://bugreport.java.com/bugreport/"/>
    <property name="java.io.tmpdir" value="/var/folders/gt/jhby3s911yn0krdbvk16f94m0000gn/T/"/>
    <property name="java.version" value="14.0.1"/>
    <property name="user.dir" value="/Users/ajitalamsal/AutomationJava"/>
    <property name="os.arch" value="x86_64"/>
    <property name="java.vm.specification.name" value="Java Virtual Machine Specification"/>
    <property name="java.library.path" value="/Users/ajitalamsal/Library/Java/Extensions:/Library/Java/Extensions:/Network/Library/Java/Extensions:/System/Library/Java/Extensions:/usr/lib/java:."/>
    <property name="java.vm.info" value="mixed mode, sharing"/>
    <property name="java.vendor" value="Oracle Corporation"/>
    <property name="java.vm.version" value="14.0.1+7"/>
    <property name="sun.io.unicode.encoding" value="UnicodeBig"/>
    <property name="socksNonProxyHosts" value="local|*.local|169.254/16|*.169.254/16"/>
    <property name="java.class.version" value="58.0"/>
  </properties>
  <testcase name="getIdName" classname="TestNG.TestNGparameter" time="0.005"/>
</testsuite>