<?xml version="1.0" encoding="UTF-8"?>
<!-- Generated by org.testng.reporters.JUnitReportReporter -->
<testsuite hostname="Ajitas-MBP.attlocal.net" failures="0" tests="1" name="TestNG.TestNGparameter" time="0.003" errors="0" timestamp="2020-09-21T21:00:26 CDT" skipped="0">
  <testcase classname="TestNG.TestNGparameter" name="getIdName" time="0.003"/>
  <system-out/>
</testsuite> <!-- TestNG.TestNGparameter -->
